<?xml version="1.0" encoding="UTF-8"?>
<!-- Generated by org.testng.reporters.JUnitReportReporter -->
<testsuite hostname="MAMUN" failures="0" tests="1" name="com.runner.LogoutRunner" time="0.018" errors="0" timestamp="16 Jan 2024 01:54:05 GMT" skipped="0">
  <testcase classname="com.runner.LogoutRunner" name="runScenario" time="0.018"/>
</testsuite> <!-- com.runner.LogoutRunner -->
