<?xml version="1.0" encoding="UTF-8"?>
<!-- Generated by org.testng.reporters.JUnitReportReporter -->
<testsuite hostname="MAMUN" failures="0" tests="1" name="com.runner.LoginRunner" time="0.164" errors="0" timestamp="16 Jan 2024 01:54:05 GMT" skipped="0">
  <testcase classname="com.runner.LoginRunner" name="runScenario" time="0.164"/>
</testsuite> <!-- com.runner.LoginRunner -->
