<?xml version="1.0" encoding="UTF-8"?>
<!-- Generated by org.testng.reporters.JUnitReportReporter -->
<testsuite hostname="MAMUN" failures="0" tests="2" name="com.runner.RunnerrTestSuite" time="0.250" errors="0" timestamp="12 Jan 2024 15:01:56 GMT" skipped="0">
  <testcase classname="com.runner.RunnerrTestSuite" name="runScenario" time="0.224"/>
  <testcase classname="com.runner.RunnerrTestSuite" name="runScenario" time="0.026"/>
</testsuite> <!-- com.runner.RunnerrTestSuite -->
