<?xml version="1.0" encoding="UTF-8"?>
<!-- Generated by org.testng.reporters.JUnitReportReporter -->
<testsuite hostname="MAMUN" failures="0" tests="1" name="com.runner.LoginRunner" time="0.109" errors="0" timestamp="13 Jan 2024 01:15:08 GMT" skipped="0">
  <testcase classname="com.runner.LoginRunner" name="runScenario" time="0.109"/>
</testsuite> <!-- com.runner.LoginRunner -->
